<?xml version="1.0" encoding="UTF-8"?>
<!-- Generated by org.testng.reporters.JUnitXMLReporter -->
<testsuite ignored="8" hostname="LAPTOP-4H9OMSJB" failures="1" tests="5" name="Default test(failed)" time="210.168" errors="0" timestamp="2023-01-10T06:23:00 IST">
  <testcase classname="orangehrm_BaseMethods.BaseMethods" name="@AfterMethod aftertest" time="32.405">
    <failure type="org.openqa.selenium.WebDriverException" message="disconnected: unable to connect to renderer
  (failed to check if window was closed: disconnected: unable to connect to renderer)
  (Session info: chrome=108.0.5359.125)
Build info: version: &amp;apos;3.141.59&amp;apos;, revision: &amp;apos;e82be7d358&amp;apos;, time: &amp;apos;2018-11-14T08:25:53&amp;apos;
System info: host: &amp;apos;LAPTOP-4H9OMSJB&amp;apos;, ip: &amp;apos;192.168.1.45&amp;apos;, os.name: &amp;apos;Windows 11&amp;apos;, os.arch: &amp;apos;amd64&amp;apos;, os.version: &amp;apos;10.0&amp;apos;, java.version: &amp;apos;17.0.5&amp;apos;
Driver info: org.openqa.selenium.chrome.ChromeDriver
Capabilities {acceptInsecureCerts: false, browserName: chrome, browserVersion: 108.0.5359.125, chrome: {chromedriverVersion: 108.0.5359.71 (1e0e3868ee06..., userDataDir: C:\Users\gtess\AppData\Loca...}, goog:chromeOptions: {debuggerAddress: localhost:49399}, javascriptEnabled: true, networkConnectionEnabled: false, pageLoadStrategy: normal, platform: WINDOWS, platformName: WINDOWS, proxy: Proxy(), setWindowRect: true, strictFileInteractability: false, timeouts: {implicit: 0, pageLoad: 300000, script: 30000}, unhandledPromptBehavior: dismiss and notify, webauthn:extension:credBlob: true, webauthn:extension:largeBlob: true, webauthn:virtualAuthenticators: true}
Session ID: 6da9b6ab8e151afc861a4aa7fee46746">
      <![CDATA[org.openqa.selenium.WebDriverException: disconnected: unable to connect to renderer
  (failed to check if window was closed: disconnected: unable to connect to renderer)
  (Session info: chrome=108.0.5359.125)
Build info: version: '3.141.59', revision: 'e82be7d358', time: '2018-11-14T08:25:53'
System info: host: 'LAPTOP-4H9OMSJB', ip: '192.168.1.45', os.name: 'Windows 11', os.arch: 'amd64', os.version: '10.0', java.version: '17.0.5'
Driver info: org.openqa.selenium.chrome.ChromeDriver
Capabilities {acceptInsecureCerts: false, browserName: chrome, browserVersion: 108.0.5359.125, chrome: {chromedriverVersion: 108.0.5359.71 (1e0e3868ee06..., userDataDir: C:\Users\gtess\AppData\Loca...}, goog:chromeOptions: {debuggerAddress: localhost:49399}, javascriptEnabled: true, networkConnectionEnabled: false, pageLoadStrategy: normal, platform: WINDOWS, platformName: WINDOWS, proxy: Proxy(), setWindowRect: true, strictFileInteractability: false, timeouts: {implicit: 0, pageLoad: 300000, script: 30000}, unhandledPromptBehavior: dismiss and notify, webauthn:extension:credBlob: true, webauthn:extension:largeBlob: true, webauthn:virtualAuthenticators: true}
Session ID: 6da9b6ab8e151afc861a4aa7fee46746
at org.openqa.selenium.remote.http.W3CHttpResponseCodec.createException(W3CHttpResponseCodec.java:187)
at org.openqa.selenium.remote.http.W3CHttpResponseCodec.decode(W3CHttpResponseCodec.java:122)
at org.openqa.selenium.remote.http.W3CHttpResponseCodec.decode(W3CHttpResponseCodec.java:49)
at org.openqa.selenium.remote.HttpCommandExecutor.execute(HttpCommandExecutor.java:158)
at org.openqa.selenium.remote.service.DriverCommandExecutor.execute(DriverCommandExecutor.java:83)
at org.openqa.selenium.remote.RemoteWebDriver.execute(RemoteWebDriver.java:552)
at org.openqa.selenium.remote.RemoteWebDriver.execute(RemoteWebDriver.java:609)
at org.openqa.selenium.remote.RemoteWebDriver.close(RemoteWebDriver.java:442)
at orangehrm_BaseMethods.BaseMethods.aftertest(BaseMethods.java:34)
at java.base/java.util.ArrayList.forEach(ArrayList.java:1511)
... Removed 37 stack frames]]>
    </failure>
  </testcase> <!-- @AfterMethod aftertest -->
  <testcase classname="orangehrm_BaseMethods.BaseMethods" name="@BeforeMethod browser" time="-1.673311980192E9">
    <skipped/>
  </testcase> <!-- @BeforeMethod browser -->
  <testcase classname="orangehrm_BaseMethods.BaseMethods" name="@AfterMethod aftertest" time="-1.6733119802E9">
    <skipped/>
  </testcase> <!-- @AfterMethod aftertest -->
  <testcase classname="orangehrm_Testcases.OrangeHrm_testcases" name="addemp" time="19.734"/>
  <testcase classname="orangehrm_Testcases.OrangeHrm_testcases" name="salary" time="129.295">
    <failure type="org.openqa.selenium.NoSuchWindowException" message="no such window: target window already closed
from unknown error: web view not found
  (Session info: chrome=108.0.5359.125)
Build info: version: &amp;apos;3.141.59&amp;apos;, revision: &amp;apos;e82be7d358&amp;apos;, time: &amp;apos;2018-11-14T08:25:53&amp;apos;
System info: host: &amp;apos;LAPTOP-4H9OMSJB&amp;apos;, ip: &amp;apos;192.168.1.45&amp;apos;, os.name: &amp;apos;Windows 11&amp;apos;, os.arch: &amp;apos;amd64&amp;apos;, os.version: &amp;apos;10.0&amp;apos;, java.version: &amp;apos;17.0.5&amp;apos;
Driver info: org.openqa.selenium.chrome.ChromeDriver
Capabilities {acceptInsecureCerts: false, browserName: chrome, browserVersion: 108.0.5359.125, chrome: {chromedriverVersion: 108.0.5359.71 (1e0e3868ee06..., userDataDir: C:\Users\gtess\AppData\Loca...}, goog:chromeOptions: {debuggerAddress: localhost:49399}, javascriptEnabled: true, networkConnectionEnabled: false, pageLoadStrategy: normal, platform: WINDOWS, platformName: WINDOWS, proxy: Proxy(), setWindowRect: true, strictFileInteractability: false, timeouts: {implicit: 0, pageLoad: 300000, script: 30000}, unhandledPromptBehavior: dismiss and notify, webauthn:extension:credBlob: true, webauthn:extension:largeBlob: true, webauthn:virtualAuthenticators: true}
Session ID: 6da9b6ab8e151afc861a4aa7fee46746">
      <![CDATA[org.openqa.selenium.NoSuchWindowException: no such window: target window already closed
from unknown error: web view not found
  (Session info: chrome=108.0.5359.125)
Build info: version: '3.141.59', revision: 'e82be7d358', time: '2018-11-14T08:25:53'
System info: host: 'LAPTOP-4H9OMSJB', ip: '192.168.1.45', os.name: 'Windows 11', os.arch: 'amd64', os.version: '10.0', java.version: '17.0.5'
Driver info: org.openqa.selenium.chrome.ChromeDriver
Capabilities {acceptInsecureCerts: false, browserName: chrome, browserVersion: 108.0.5359.125, chrome: {chromedriverVersion: 108.0.5359.71 (1e0e3868ee06..., userDataDir: C:\Users\gtess\AppData\Loca...}, goog:chromeOptions: {debuggerAddress: localhost:49399}, javascriptEnabled: true, networkConnectionEnabled: false, pageLoadStrategy: normal, platform: WINDOWS, platformName: WINDOWS, proxy: Proxy(), setWindowRect: true, strictFileInteractability: false, timeouts: {implicit: 0, pageLoad: 300000, script: 30000}, unhandledPromptBehavior: dismiss and notify, webauthn:extension:credBlob: true, webauthn:extension:largeBlob: true, webauthn:virtualAuthenticators: true}
Session ID: 6da9b6ab8e151afc861a4aa7fee46746
at org.openqa.selenium.remote.http.W3CHttpResponseCodec.createException(W3CHttpResponseCodec.java:187)
at org.openqa.selenium.remote.http.W3CHttpResponseCodec.decode(W3CHttpResponseCodec.java:122)
at org.openqa.selenium.remote.http.W3CHttpResponseCodec.decode(W3CHttpResponseCodec.java:49)
at org.openqa.selenium.remote.HttpCommandExecutor.execute(HttpCommandExecutor.java:158)
at org.openqa.selenium.remote.service.DriverCommandExecutor.execute(DriverCommandExecutor.java:83)
at org.openqa.selenium.remote.RemoteWebDriver.execute(RemoteWebDriver.java:552)
at org.openqa.selenium.remote.RemoteWebDriver.execute(RemoteWebDriver.java:609)
at org.openqa.selenium.remote.RemoteWebDriver.getScreenshotAs(RemoteWebDriver.java:295)
at Orangehrm_Utils.utils_Method.screenshot(utils_Method.java:128)
at orangehrm_Pages.Salary.pimsalary(Salary.java:105)
at orangehrm_Testcases.OrangeHrm_testcases.salary(OrangeHrm_testcases.java:132)
at java.base/java.util.ArrayList.forEach(ArrayList.java:1511)
... Removed 32 stack frames]]>
    </failure>
  </testcase> <!-- salary -->
  <testcase classname="orangehrm_Testcases.OrangeHrm_testcases" name="job" time="0.0">
    <skipped/>
  </testcase> <!-- job -->
  <testcase classname="orangehrm_Testcases.OrangeHrm_testcases" name="jobterm" time="0.0">
    <skipped/>
  </testcase> <!-- jobterm -->
  <testcase classname="orangehrm_Testcases.OrangeHrm_testcases" name="jobactivate" time="0.0">
    <skipped/>
  </testcase> <!-- jobactivate -->
  <testcase classname="orangehrm_Testcases.OrangeHrm_testcases" name="PIM_menu" time="0.0">
    <ignored/>
  </testcase> <!-- PIM_menu -->
  <testcase classname="orangehrm_Testcases.OrangeHrm_testcases" name="Admin" time="0.0">
    <ignored/>
  </testcase> <!-- Admin -->
  <testcase classname="orangehrm_Testcases.OrangeHrm_testcases" name="details" time="0.0">
    <ignored/>
  </testcase> <!-- details -->
  <testcase classname="orangehrm_Testcases.OrangeHrm_testcases" name="emergency" time="0.0">
    <ignored/>
  </testcase> <!-- emergency -->
  <testcase classname="orangehrm_Testcases.OrangeHrm_testcases" name="contact" time="0.0">
    <ignored/>
  </testcase> <!-- contact -->
  <testcase classname="orangehrm_Testcases.OrangeHrm_testcases" name="depends" time="0.0">
    <ignored/>
  </testcase> <!-- depends -->
  <testcase classname="orangehrm_Testcases.OrangeHrm_testcases" name="usermgmt" time="0.0">
    <ignored/>
  </testcase> <!-- usermgmt -->
  <testcase classname="orangehrm_Testcases.OrangeHrm_testcases" name="TaxExemp" time="0.0">
    <ignored/>
  </testcase> <!-- TaxExemp -->
</testsuite> <!-- Default test(failed) -->
